
Now Run data: ispd18_test1
mkdir: cannot create directory ‘/scratch/weili3/cu-gr-2/GR_log’: File exists
mkdir: cannot create directory ‘/scratch/weili3/cu-gr-2/DR_log’: File exists
mkdir: cannot create directory ‘/scratch/weili3/cu-gr-2/DR_result’: File exists
Processing CUGR2 First Round... data: ispd18_test1

Now Run data: ispd18_test5
mkdir: cannot create directory ‘/scratch/weili3/cu-gr-2/GR_log’: File exists
mkdir: cannot create directory ‘/scratch/weili3/cu-gr-2/DR_log’: File exists
mkdir: cannot create directory ‘/scratch/weili3/cu-gr-2/DR_result’: File exists
Processing CUGR2 First Round... data: ispd18_test5

Now Run data: ispd18_test5_metal5
mkdir: cannot create directory ‘/scratch/weili3/cu-gr-2/GR_log’: File exists
mkdir: cannot create directory ‘/scratch/weili3/cu-gr-2/DR_log’: File exists
mkdir: cannot create directory ‘/scratch/weili3/cu-gr-2/DR_result’: File exists
Processing CUGR2 First Round... data: ispd18_test5_metal5

Now Run data: ispd18_test8_metal5
mkdir: cannot create directory ‘/scratch/weili3/cu-gr-2/GR_log’: File exists
mkdir: cannot create directory ‘/scratch/weili3/cu-gr-2/DR_log’: File exists
mkdir: cannot create directory ‘/scratch/weili3/cu-gr-2/DR_result’: File exists
Processing CUGR2 First Round... data: ispd18_test8_metal5

Now Run data: ispd18_test10_metal5
mkdir: cannot create directory ‘/scratch/weili3/cu-gr-2/GR_log’: File exists
mkdir: cannot create directory ‘/scratch/weili3/cu-gr-2/DR_log’: File exists
mkdir: cannot create directory ‘/scratch/weili3/cu-gr-2/DR_result’: File exists
Processing CUGR2 First Round... data: ispd18_test10_metal5

Now Run data: ispd19_test7_metal5
mkdir: cannot create directory ‘/scratch/weili3/cu-gr-2/GR_log’: File exists
mkdir: cannot create directory ‘/scratch/weili3/cu-gr-2/DR_log’: File exists
mkdir: cannot create directory ‘/scratch/weili3/cu-gr-2/DR_result’: File exists
Processing CUGR2 First Round... data: ispd19_test7_metal5

Now Run data: ispd19_test8_metal5
mkdir: cannot create directory ‘/scratch/weili3/cu-gr-2/GR_log’: File exists
mkdir: cannot create directory ‘/scratch/weili3/cu-gr-2/DR_log’: File exists
mkdir: cannot create directory ‘/scratch/weili3/cu-gr-2/DR_result’: File exists
Processing CUGR2 First Round... data: ispd19_test8_metal5

Now Run data: ispd19_test9_metal5
mkdir: cannot create directory ‘/scratch/weili3/cu-gr-2/GR_log’: File exists
mkdir: cannot create directory ‘/scratch/weili3/cu-gr-2/DR_log’: File exists
mkdir: cannot create directory ‘/scratch/weili3/cu-gr-2/DR_result’: File exists
Processing CUGR2 First Round... data: ispd19_test9_metal5
